1
 

 SPECS file
 ----------

      Begin snmain3
         Major iterations               200
         Major Print level           000001
      *                             (JFLXBT)
         Minor print level                1
         Solution                        No
      End snmain3
1
 
 SNSPEC EXIT 100 -- finished successfully
 SNSPEC INFO 101 -- SPECS file read
      Verify level                                                     3
      Derivative option                                                0
      Maximize
1
 
 SNMEMA EXIT 100 -- finished successfully
 SNMEMA INFO 104 -- memory requirements estimated
1
 
 Parameters
 ==========

 Files
 -----
 Solution file..........         0       Old basis file ........         0       Standard input.........         5
 Insert file............         0       New basis file ........         0       (Printer)..............         9
 Punch file.............         0       Backup basis file......         0       (Specs file)...........         4
 Load file..............         0       Dump file..............         0       Standard output........         6

 Frequencies
 -----------
 Print frequency........       100       Check frequency........        60       Save new basis map.....       100
 Summary frequency......       100       Factorization frequency        50       Expand frequency.......     10000

 QP subproblems
 --------------
 QPsolver Cholesky......
 Scale tolerance........     0.900       Minor feasibility tol..  1.00E-06       Iteration limit........     10000
 Scale option...........         0       Minor optimality  tol..  1.00E-06       Minor print level......         1
 Crash tolerance........     0.100       Pivot tolerance........  3.25E-11       New superbasics........        99
 Crash option...........         3       Elastic weight.........  1.00E+05

 Partial pricing
 ---------------
 LP Partial price.......         1       Prtl price section ( A)         9       Prtl price section (-I)        19
 QP Partial price.......         1       Prtl price section ( A)         9       Prtl price section (-I)        19

 The SQP Method
 --------------
 Maximize...............                 Cold start.............                 Proximal Point method..         1
 Nonlinear objectiv vars         9       Objective Row..........         1       Function precision.....  3.00E-13
 Unbounded step size....  1.00E+20       Superbasics limit......         9       Difference interval....  5.48E-07
 Unbounded objective....  1.00E+10       Reduced Hessian dim....         9       Central difference int.  6.70E-05
 Major step limit.......  2.00E+00       Nonderiv.  linesearch..                 Derivative option......         0
 Major iterations limit.       200       Linesearch tolerance...   0.90000       Verify level...........         3
 Minor iterations limit.       500       Penalty parameter......  0.00E+00       Major Print Level......         1
 Time limit (secs)...... 9999999.0       Major optimality tol...  2.00E-06

 Hessian Approximation
 ---------------------
 Hessian full-memory....                 Hessian updates........  99999999       Hessian frequency......  99999999
                                                                                 Hessian flush..........  99999999

 Nonlinear constraints
 ---------------------
 Nonlinear constraints..        14       Major feasibility tol..  1.00E-06       Violation limit........  1.00E+01
 Nonlinear Jacobian vars         9

 Miscellaneous
 -------------
 LU factor tolerance....      3.99       LU singularity tol.....  3.25E-11       Timing level...........         3
 LU update tolerance....      3.99       LU swap tolerance......  1.22E-04       Debug level............         0
 LU partial  pivoting...                 eps (machine precision)  2.22E-16       System information.....        No
                                                                                 Sticky parameters......        No

 Total char*8  workspace       500       Total integer workspace     26195       Total real    workspace     15614
 Total char*8  (minimum)       500       Total integer (minimum)      1266       Total real    (minimum)      1911
 
1
 

 

 Matrix statistics
 -----------------
               Total      Normal        Free       Fixed     Bounded
 Rows             19          18           1           0           0
 Columns           9           6           2           0           1

 No. of matrix elements                   52     Density      30.409
 Biggest  constant element        1.0000E+00  (excluding fixed columns,
 Smallest constant element        1.0000E+00   free rows, and RHS)

 No. of objective coefficients             0

 Nonlinear constraints      14     Linear constraints       5
 Nonlinear variables         9     Linear variables         0
 Jacobian  variables         9     Objective variables      9
 Total constraints          19     Total variables          9
1
 
 Initial basis
 -------------

 No basis file supplied

 Crash option  3

 Crash on linear E  rows:

 Crash on linear LG rows:
 Slacks     5  Free cols     0  Preferred     0
 Unit       0  Double        0  Triangle      0  Pad     0

 Itn      0: Feasible linear rows
 Itn      0: PP1.  Minimizing  Norm(x-x0)

 Itn      0: PP1.  Norm(x-x0) approximately minimized  (0.00E+00)

 
 The user has defined      49   out of      53   first  derivatives

 Verification of user-supplied problem derivatives.

 The constraint gradients seem to be OK.

 -->  The largest discrepancy was    6.86E-08  in constraint    15
 

 The objective  gradients seem to be OK.

 Gradient projected in one direction  -2.97600357822E-02
 Difference approximation             -2.97600358019E-02

 
 Column       x(j)        dx(j)    Element no.    Row        Derivative    Difference approxn

      1  1.00000000E-01  6.03E-07         1         2    2.00000000E-01    2.00000603E-01  ok
                                          2         3   -5.00000000E-02   -4.99993975E-02  ok
                                          3         4   -1.13333200E+00   -1.13333140E+00  ok
                                          4         5   -8.57140000E-02   -8.57133975E-02  ok
                                          5         6   -2.22220000E-02   -2.22213975E-02  ok
      1  1.00000000E-01  6.03E-07           Objective   -2.50000000E-01   -2.50000000E-01  ok

      2  1.25000000E-01  6.16E-07         6         3    5.00000000E-02    5.00006162E-02  ok
                                          7         7    2.50000000E-01    2.50000616E-01  ok
                                          8         8   -1.08333200E+00   -1.08333138E+00  ok
                                         10        10    2.77780000E-02    2.77786162E-02  ok
      2  1.25000000E-01  6.16E-07           Objective    2.00000000E-01    2.00000000E-01  ok

      3  6.66666000E-01  9.13E-07        11         4    1.13333200E+00    1.13333291E+00  ok
                                         12         8    1.08333200E+00    1.08333291E+00  ok
                                         13        11    1.04761800E+00    1.04761891E+00  ok
                                         14        12    1.11111000E+00    1.11111091E+00  ok
      3  6.66666000E-01  9.13E-07           Objective    4.50000000E-01    4.50000000E-01  ok

      4  1.42857000E-01  6.26E-07        15         5    8.57140000E-02    8.57146260E-02  ok
                                         17        11   -1.04761800E+00   -1.04761737E+00  ok
                                         18        13    2.85714000E-01    2.85714626E-01  ok
                                         19        14    6.34920000E-02    6.34926260E-02  ok
      4  1.42857000E-01  6.26E-07           Objective    2.50000000E-01    2.50000000E-01  ok

      5  1.11111000E-01  6.09E-07        20         6    2.22220000E-02    2.22226086E-02  ok
                                         21        10   -2.77780000E-02   -2.77773914E-02  ok
                                         22        12   -1.11111000E+00   -1.11110939E+00  ok
                                         23        14   -6.34920000E-02   -6.34913914E-02  ok
                                         24        15    2.22222000E-01    2.22222609E-01  ok
      5  1.11111000E-01  6.09E-07           Objective   -2.00000000E-01   -2.00000000E-01  ok

      6  2.00000000E-01  6.57E-07        25         2    4.00000000E-01    4.00000657E-01  ok
                                         26         3   -1.00000000E-01   -9.99993427E-02  ok
                                         27         4    4.00000000E-01    4.00000657E-01  ok
                                         28         5    8.00000000E-01    8.00000657E-01  ok
                                         29         6    9.00000000E-01    9.00000657E-01  ok
      6  2.00000000E-01  6.57E-07           Objective    1.25000000E-01    1.25000000E-01  ok

      7  2.50000000E-01  6.85E-07        30         3    1.00000000E-01    1.00000685E-01  ok
                                         31         7    5.00000000E-01    5.00000685E-01  ok
                                         32         8    5.00000000E-01    5.00000685E-01  ok
                                         34        10    1.00000000E+00    1.00000068E+00  ok
      7  2.50000000E-01  6.85E-07           Objective    5.66666000E-01    5.66666000E-01  ok

      8 -2.00000000E-01  6.57E-07        35         5   -8.00000000E-01   -7.99999343E-01  ok
                                         37        11   -4.00000000E-01   -3.99999343E-01  ok
                                         38        13   -4.00000000E-01   -3.99999343E-01  ok
                                         39        14    1.00000000E-01    1.00000657E-01  ok
      8 -2.00000000E-01  6.57E-07           Objective   -5.55555000E-01   -5.55555000E-01  ok

      9 -2.50000000E-01  6.85E-07        40         6   -9.00000000E-01   -8.99999315E-01  ok
                                         41        10   -1.00000000E+00   -9.99999315E-01  ok
                                         42        12   -5.00000000E-01   -4.99999315E-01  ok
                                         43        14   -1.00000000E-01   -9.99993153E-02  ok
                                         44        15   -5.00000000E-01   -4.99999315E-01  ok
      9 -2.50000000E-01  6.85E-07           Objective   -1.42857000E-01   -1.42857000E-01  ok

     40  Jacobian elements in cols      1  thru     9  seem to be OK.

 -->  The largest relative error was    6.22E-07   in row    14,  column     9
 

      9  objective gradients out of     1  thru     9  seem to be OK.

 -->  The largest relative error was    5.22E-11   in column     6
 

 Crash on nonlinear rows:
 Slacks    14  Free cols     0  Preferred     0
 Unit       0  Double        0  Triangle      0  Pad     0
1
 
 Itn      0: Hessian set to a scaled identity matrix
 

   Itns Major Minors    Step   nCon Feasible  Optimal  MeritFunction     L+U BSwap     nS condZHZ Penalty
      9     0      9              1 (0.0E+00) 5.7E-01  3.1349175E-01      19            8 1.0E+00         _  r
 Itn      9: Hessian set to a scaled identity matrix
     17     1      8 1.0E+00      2  7.6E-02  1.7E-01  1.0812627E+00      44            3 2.4E+01         _  r
     20     2      3 1.0E+00      4  2.0E-01  8.5E-02  1.4077320E+00      48     3      3 4.1E+01 3.7E-01 _sm
     22     3      2 3.5E-02      5  1.9E-01  8.7E-02  1.3381429E+00      44            2 1.5E+01 2.7E+00 _
     24     4      2 1.2E-01      6  1.7E-01  8.3E-02  1.3381985E+00      41            3 6.9E+00 2.7E+00 _
     25     5      1 1.0E+00      7  2.4E-02  1.8E-02  1.3501054E+00      41            3 4.1E+00 2.7E+00 _
     26     6      1 1.0E+00      8  3.1E-03  1.5E-03  1.3499273E+00      41     2      3 1.6E+00 3.9E+00 _
     27     7      1 1.0E+00      9  1.1E-04  5.9E-04  1.3499623E+00      41            3 1.9E+00 3.9E+00 _
     28     8      1 1.0E+00     10  3.1E-06  7.6E-05  1.3499629E+00      41            3 1.6E+00 3.9E+00 _
     29     9      1 1.0E+00     11 (4.2E-08) 4.4E-06  1.3499629E+00      41            3 1.7E+00 3.9E+00 _
     30    10      1 1.0E+00     12 (6.7E-11)(5.3E-07) 1.3499629E+00      41            3 1.6E+00 3.9E+00 _
 Itn     30 -- Central differences invoked.  Small reduced gradient.
1
 
 SNOPTA EXIT   0 -- finished successfully
 SNOPTA INFO   1 -- optimality conditions satisfied

 Problem name
 No. of iterations                  30   Objective            1.3499628859E+00
 No. of major iterations            10   Linear    obj. term  0.0000000000E+00
 Penalty parameter           3.948E+00   Nonlinear obj. term  1.3499628859E+00
 User function calls (total)        86   Calls with modes 1,2 (known g)     12
 Calls for forward differencing     48   Calls for central differencing      0
 No. of superbasics                  3   No. of basic nonlinears             5
 No. of degenerate steps             0   Percentage                       0.00
 Max x                       3 1.0E+00   Max pi                     19 1.0E+00
 Max Primal infeas           0 0.0E+00   Max Dual infeas             2 1.0E-06
 Nonlinear constraint violn    6.7E-11
 
 Time for MPS input                             0.00 seconds
 Time for solving problem                       0.01 seconds
 Time for solution output                       0.00 seconds
 Time for constraint functions                  0.01 seconds
 Time for objective function                    0.00 seconds
