
         ==============================
         S N O P T  7.5-1.4  (Dec 2015)
         ==============================
1
 

 SPECS file
 ----------

      Begin t1diet problem
 
         Major iterations               100
 
         Major Print level           000001
      *                             (JFLXBT)
         Minor print level                1
 
         Print frequency                  1
         Summary frequency                1
 
         Solution                        no
 
      End t1diet problem
1
 
 SNSPEC EXIT 100 -- finished successfully
 SNSPEC INFO 101 -- SPECS file read
1
 
 SNMEMA EXIT 100 -- finished successfully
 SNMEMA INFO 104 -- memory requirements estimated
1
 
 Parameters
 ==========

 Files
 -----
 Solution file..........         0       Old basis file ........         0       Standard input.........         5
 Insert file............         0       New basis file ........         0       (Printer)..............         9
 Punch file.............         0       Backup basis file......         0       (Specs file)...........         4
 Load file..............         0       Dump file..............         0       Standard output........         6

 Frequencies
 -----------
 Print frequency........         1       Check frequency........        60       Save new basis map.....       100
 Summary frequency......         1       Factorization frequency       100       Expand frequency.......     10000

 QP subproblems
 --------------
 QPsolver Cholesky......
 Scale tolerance........     0.900       Minor feasibility tol..  1.00E-06       Iteration limit........     10000
 Scale option...........         0       Minor optimality  tol..  1.00E-06       Minor print level......         1
 Crash tolerance........     0.100       Pivot tolerance........  3.25E-11       New superbasics........        99
 Crash option...........         3       Elastic weight.........  1.00E+00

 Partial pricing
 ---------------
 LP Partial price.......         1       Prtl price section ( A)         6       Prtl price section (-I)         4
 QP Partial price.......         1       Prtl price section ( A)         6       Prtl price section (-I)         4

 The SQP Method
 --------------
 Minimize...............                 Cold start.............                 Proximal Point method..         1
 Nonlinear objectiv vars         0       Objective Row..........         4       Function precision.....  3.00E-13
 Unbounded step size....  1.00E+20       Superbasics limit......         1       Difference interval....  5.48E-07
 Unbounded objective....  1.00E+10       Reduced Hessian dim....         1       Central difference int.  6.70E-05
 Major step limit.......  2.00E+00       Derivative linesearch..                 Derivative option......         1
 Major iterations limit.       100       Linesearch tolerance...   0.90000       Verify level...........         0
 Minor iterations limit.       500       Penalty parameter......  0.00E+00       Major Print Level......         1
 Time limit (secs)...... 9999999.0       Major optimality tol...  2.00E-06

 Miscellaneous
 -------------
 LU factor tolerance....    100.00       LU singularity tol.....  3.25E-11       Timing level...........         3
 LU update tolerance....     10.00       LU swap tolerance......  1.22E-04       Debug level............         0
 LU partial  pivoting...                 eps (machine precision)  2.22E-16       System information.....        No
                                                                                 Sticky parameters......        No

 Total char*8  workspace       500       Total integer workspace     21104       Total real    workspace     11249
 Total char*8  (minimum)       500       Total integer (minimum)       672       Total real    (minimum)       764
 

 

 Matrix statistics
 -----------------
               Total      Normal        Free       Fixed     Bounded
 Rows              4           3           1           0           0
 Columns           6           0           0           0           6

 No. of matrix elements                   24     Density     100.000
 Biggest                          0.0000E+00  (excluding fixed columns,
 Smallest                         0.0000E+00   free rows, and RHS)

 No. of objective coefficients             0

 Nonlinear constraints       0     Linear constraints       4
 Nonlinear variables         0     Linear variables         6
 Jacobian  variables         0     Objective variables      0
 Total constraints           4     Total variables          6
1
 
 Initial basis
 -------------

 No basis file supplied

 Crash option  3

 Crash on linear E  rows:

 Crash on linear LG rows:
 Slacks     2  Free cols     0  Preferred     0
 Unit       1  Double        1  Triangle      0  Pad     0

    Itn pp  FP mult   +SBS   -SBS    -BS     Step    Pivot NumInf          SumInf     L+U ncp
      0                                                         2  7.74911032E+00      10
      1  1 -1.2E+01      4      4      1  9.5E-01 -6.6E+00      1  2.69886364E-01      10

 Itn      2: Feasible linear constraints

    Itn pp  LP mult   +SBS   -SBS    -BS     Step    Pivot NonOpt         SumInfE     L+U ncp
      2  1 -3.1E+00      5      5      3  8.6E-02  3.1E+00      3  1.20657514E+02      11
      3  1  1.4E+01      2      2         1.0E+00               2  1.06425719E+02      11
      4  1  6.3E+00      6      6      5  8.1E-01 -5.3E-01      2  1.01327896E+02      11
      5  1  1.4E+00      3      3         2.0E+00               1  9.86035889E+01      11
      6  1 -1.1E-02      9      9      6  5.3E+02  2.6E-03      0  9.25000000E+01       9
1
 
 SNOPTA EXIT   0 -- finished successfully
 SNOPTA INFO   1 -- optimality conditions satisfied

 Problem name
 No. of iterations                   6   Objective            9.2500000000E+01
 No. of degenerate steps             0   Percentage                       0.00
 Max x                       4 4.5E+00   Max pi                      4 1.0E+00
 Max Primal infeas           0 0.0E+00   Max Dual infeas             0 0.0E+00
 
 Time for MPS input                             0.00 seconds
 Time for solving problem                       0.00 seconds
 Time for solution output                       0.00 seconds
 Time for constraint functions                  0.00 seconds
 Time for objective function                    0.00 seconds
