1
 

 SPECS file
 ----------

      Begin  Toy NLP problem
         Major Print level           000001
      *                             (JFLXBT)
         Minor print level                1
         Solution                       yes
      End   Toy NLP problem
1
 
 SNSPEC EXIT 100 -- finished successfully
 SNSPEC INFO 101 -- SPECS file read
      Major Iteration limit                                          250
1
 
 SNMEMA EXIT 100 -- finished successfully
 SNMEMA INFO 104 -- memory requirements estimated
1
 
 Parameters
 ==========

 Files
 -----
 Solution file..........         0       Old basis file ........         0       Standard input.........         5
 Insert file............         0       New basis file ........         0       (Printer)..............         9
 Punch file.............         0       Backup basis file......         0       (Specs file)...........         4
 Load file..............         0       Dump file..............         0       Standard output........         6

 Frequencies
 -----------
 Print frequency........       100       Check frequency........        60       Save new basis map.....       100
 Summary frequency......       100       Factorization frequency        50       Expand frequency.......     10000

 QP subproblems
 --------------
 QPsolver Cholesky......
 Scale tolerance........     0.900       Minor feasibility tol..  1.00E-06       Iteration limit........     10000
 Scale option...........         0       Minor optimality  tol..  1.00E-06       Minor print level......         1
 Crash tolerance........     0.100       Pivot tolerance........  3.25E-11       New superbasics........        99
 Crash option...........         3       Elastic weight.........  1.00E+05

 Partial pricing
 ---------------
 LP Partial price.......         1       Prtl price section ( A)         4       Prtl price section (-I)         4
 QP Partial price.......         1       Prtl price section ( A)         4       Prtl price section (-I)         4

 The SQP Method
 --------------
 Minimize...............                 Cold start.............                 Proximal Point method..         1
 Nonlinear objectiv vars         4       Objective Row..........         1       Function precision.....  3.00E-13
 Unbounded step size....  1.00E+20       Superbasics limit......         4       Difference interval....  5.48E-07
 Unbounded objective....  1.00E+10       Reduced Hessian dim....         4       Central difference int.  6.70E-05
 Major step limit.......  2.00E+00       Derivative linesearch..                 Derivative option......         1
 Major iterations limit.       250       Linesearch tolerance...   0.90000       Verify level...........         0
 Minor iterations limit.       500       Penalty parameter......  0.00E+00       Major Print Level......         1
 Time limit (secs)...... 9999999.0       Major optimality tol...  2.00E-06

 Hessian Approximation
 ---------------------
 Hessian full-memory....                 Hessian updates........  99999999       Hessian frequency......  99999999
                                                                                 Hessian flush..........  99999999

 Nonlinear constraints
 ---------------------
 Nonlinear constraints..         2       Major feasibility tol..  1.00E-06       Violation limit........  1.00E+01
 Nonlinear Jacobian vars         4

 Miscellaneous
 -------------
 LU factor tolerance....      3.99       LU singularity tol.....  3.25E-11       Timing level...........         3
 LU update tolerance....      3.99       LU swap tolerance......  1.22E-04       Debug level............         0
 LU partial  pivoting...                 eps (machine precision)  2.22E-16       System information.....        No
                                                                                 Sticky parameters......        No

 Total char*8  workspace       500       Total integer workspace     21104       Total real    workspace     11249
 Total char*8  (minimum)       500       Total integer (minimum)       701       Total real    (minimum)       874
 
1
 

 

 Matrix statistics
 -----------------
               Total      Normal        Free       Fixed     Bounded
 Rows              4           1           1           2           0
 Columns           4           2           2           0           0

 No. of matrix elements                   10     Density      62.500
 Biggest  constant element        4.0000E+00  (excluding fixed columns,
 Smallest constant element        2.0000E+00   free rows, and RHS)

 No. of objective coefficients             0

 Nonlinear constraints       2     Linear constraints       2
 Nonlinear variables         4     Linear variables         0
 Jacobian  variables         4     Objective variables      4
 Total constraints           4     Total variables          4
1
 
 Initial basis
 -------------

 No basis file supplied

 Crash option  3

 Crash on linear E  rows:

 Crash on linear LG rows:
 Slacks     2  Free cols     0  Preferred     0
 Unit       0  Double        0  Triangle      0  Pad     0

 Itn      0: Feasible linear rows
 Itn      0: PP1.  Minimizing  Norm(x-x0)

 Itn      0: PP1.  Norm(x-x0) approximately minimized  (0.00E+00)

 
 The user has defined      12   out of      12   first  derivatives

 Cheap test of user-supplied problem derivatives...

 The constraint gradients seem to be OK.

 -->  The largest discrepancy was    1.64E-06  in constraint     7
 

 The objective  gradients seem to be OK.

 Gradient projected in one direction   1.00002249978E+00
 Difference approximation              1.00002267047E+00

 Crash on nonlinear rows:
 Slacks     0  Free cols     1  Preferred     0
 Unit       1  Double        0  Triangle      0  Pad     0
1
 
 Itn      0: Hessian set to a scaled identity matrix
 

   Itns Major Minors    Step   nCon Feasible  Optimal  MeritFunction     L+U BSwap     nS condZHZ Penalty
      1     0      1              1  1.0E+00  1.3E+00  1.7000000E+01       6                              _  r
 Itn      1: Hessian set to a scaled identity matrix
      1     1      0 1.0E+00      2 (0.0E+00)(0.0E+00) 1.4000000E+01       6                      4.5E+01 _  rl
1
 
 SNOPTA EXIT   0 -- finished successfully
 SNOPTA INFO   1 -- optimality conditions satisfied

 Problem name                 toyprob
 No. of iterations                   1   Objective            1.4000000000E+01
 No. of major iterations             1   Linear    obj. term  0.0000000000E+00
 Penalty parameter           4.525E+01   Nonlinear obj. term  1.4000000000E+01
 User function calls (total)         3
 No. of degenerate steps             0   Percentage                       0.00
 Max x                       4 2.0E+00   Max pi                      1 8.0E+00
 Max Primal infeas           0 0.0E+00   Max Dual infeas             0 0.0E+00
 Nonlinear constraint violn    0.0E+00
1
 
 Name           toyprob                  Objective Value      1.4000000000E+01

 Status         Optimal Soln             Iteration      1    Superbasics     0

 Objective               (Min)
 RHS
 Ranges
 Bounds

 Section 1 - Rows

  Number  ...Row.. State  ...Activity...  Slack Activity  ..Lower Limit.  ..Upper Limit.  .Dual Activity    ..i
 
       5  r      1    BS          .               .                None            None         -1.0          1
       6  r      2    EQ          .               .               .               .             -8.00000      2
       7  r      3    EQ          .               .               .               .              5.00000      3
       8  r      4    BS        -6.00000        -6.00000           None           .               .           4
1
 
 Section 2 - Columns

  Number  .Column. State  ...Activity...  .Obj Gradient.  ..Lower Limit.  ..Upper Limit.  Reduced Gradnt    m+j
 
       1  x      1    LL          .              7.00000          .                None         15.00000      5
       2  x      2    BS         1.0             4.00000           None            None           .           6
       3  x      3 A  FR         1.0             4.00000           None            None           .           7
       4  x      4    BS         2.00000         5.00000          .                None           .           8
 
 Time for MPS input                             0.00 seconds
 Time for solving problem                       0.04 seconds
 Time for solution output                       0.00 seconds
 Time for constraint functions                  0.04 seconds
 Time for objective function                    0.00 seconds
